0 info it worked if it ends with ok
1 verbose cli [ '/usr/bin/node', '/usr/bin/npm', 'start' ]
2 info using npm@1.4.28
3 info using node@v0.10.37
4 verbose node symlink /usr/bin/node
5 verbose run-script [ 'prestart', 'start', 'poststart' ]
6 info prestart resume-bandit@0.0.4
7 info start resume-bandit@0.0.4
8 verbose unsafe-perm in lifecycle true
9 info resume-bandit@0.0.4 Failed to exec start script
10 error resume-bandit@0.0.4 start: `node src/bandit.js -t templates/pure.tpl -d data/simple.yaml -e utf8 -o pure-resume.html`
10 error Exit status 8
11 error Failed at the resume-bandit@0.0.4 start script.
11 error This is most likely a problem with the resume-bandit package,
11 error not with npm itself.
11 error Tell the author that this fails on your system:
11 error     node src/bandit.js -t templates/pure.tpl -d data/simple.yaml -e utf8 -o pure-resume.html
11 error You can get their info via:
11 error     npm owner ls resume-bandit
11 error There is likely additional logging output above.
12 error System Linux 3.13.0-53-generic
13 error command "/usr/bin/node" "/usr/bin/npm" "start"
14 error cwd /home/vaidas/workspace/github-projects/resume-bandit
15 error node -v v0.10.37
16 error npm -v 1.4.28
17 error code ELIFECYCLE
18 verbose exit [ 1, true ]
